# JRE version: OpenJDK Runtime Environment (8.0_242-b08) (build 1.8.0_242-8u242-b08-1~deb9u1-b08)
# Java VM: OpenJDK 64-Bit Server VM (25.242-b08 mixed mode linux-amd64 compressed oops)
Heap:
 PSYoungGen      total 215552K, used 0K [0x00000000f1700000, 0x00000000fff80000, 0x0000000100000000)
  eden space 192512K, 0% used [0x00000000f1700000,0x00000000f1700000,0x00000000fd300000)
  from space 23040K, 0% used [0x00000000fd300000,0x00000000fd300000,0x00000000fe980000)
  to   space 22528K, 0% used [0x00000000fe980000,0x00000000fe980000,0x00000000fff80000)
 ParOldGen       total 315392K, used 299008K [0x00000000d4400000, 0x00000000e7800000, 0x00000000f1700000)
  object space 315392K, 94% used [0x00000000d4400000,0x00000000e6800388,0x00000000e7800000)
 Metaspace       used 63897K, capacity 66098K, committed 66264K, reserved 1107968K
  class space    used 8194K, capacity 8609K, committed 8704K, reserved 1048576K
GC Heap History (10 events):
Event: 127.281 GC heap after
Heap after GC invocations=57 (full 8):
 PSYoungGen      total 211456K, used 17132K [0x00000000f1700000, 0x0000000100000000, 0x0000000100000000)
  eden space 194048K, 0% used [0x00000000f1700000,0x00000000f1700000,0x00000000fd480000)
  from space 17408K, 98% used [0x00000000fd480000,0x00000000fe53b190,0x00000000fe580000)
  to   space 23040K, 0% used [0x00000000fe980000,0x00000000fe980000,0x0000000100000000)
 ParOldGen       total 315392K, used 264635K [0x00000000d4400000, 0x00000000e7800000, 0x00000000f1700000)
  object space 315392K, 83% used [0x00000000d4400000,0x00000000e466ef20,0x00000000e7800000)
 Metaspace       used 63897K, capacity 66098K, committed 66264K, reserved 1107968K
  class space    used 8194K, capacity 8609K, committed 8704K, reserved 1048576K
}
Event: 127.494 GC heap before
{Heap before GC invocations=58 (full 8):
 PSYoungGen      total 211456K, used 210864K [0x00000000f1700000, 0x0000000100000000, 0x0000000100000000)
  eden space 194048K, 99% used [0x00000000f1700000,0x00000000fd431248,0x00000000fd480000)
  from space 17408K, 98% used [0x00000000fd480000,0x00000000fe53b190,0x00000000fe580000)
  to   space 23040K, 0% used [0x00000000fe980000,0x00000000fe980000,0x0000000100000000)
 ParOldGen       total 315392K, used 264635K [0x00000000d4400000, 0x00000000e7800000, 0x00000000f1700000)
  object space 315392K, 83% used [0x00000000d4400000,0x00000000e466ef20,0x00000000e7800000)
 Metaspace       used 63897K, capacity 66098K, committed 66264K, reserved 1107968K
  class space    used 8194K, capacity 8609K, committed 8704K, reserved 1048576K
Event: 127.582 GC heap after
Heap after GC invocations=58 (full 8):
 PSYoungGen      total 216064K, used 7478K [0x00000000f1700000, 0x0000000100000000, 0x0000000100000000)
  eden space 193024K, 0% used [0x00000000f1700000,0x00000000f1700000,0x00000000fd380000)
  from space 23040K, 32% used [0x00000000fe980000,0x00000000ff0cda50,0x0000000100000000)
  to   space 22528K, 0% used [0x00000000fd380000,0x00000000fd380000,0x00000000fe980000)
 ParOldGen       total 315392K, used 281005K [0x00000000d4400000, 0x00000000e7800000, 0x00000000f1700000)
  object space 315392K, 89% used [0x00000000d4400000,0x00000000e566b6f0,0x00000000e7800000)
 Metaspace       used 63897K, capacity 66098K, committed 66264K, reserved 1107968K
  class space    used 8194K, capacity 8609K, committed 8704K, reserved 1048576K
}
Event: 127.719 GC heap before
{Heap before GC invocations=59 (full 8):
 PSYoungGen      total 216064K, used 199956K [0x00000000f1700000, 0x0000000100000000, 0x0000000100000000)
  eden space 193024K, 99% used [0x00000000f1700000,0x00000000fd2f76b8,0x00000000fd380000)
  from space 23040K, 32% used [0x00000000fe980000,0x00000000ff0cda50,0x0000000100000000)
  to   space 22528K, 0% used [0x00000000fd380000,0x00000000fd380000,0x00000000fe980000)
 ParOldGen       total 315392K, used 281005K [0x00000000d4400000, 0x00000000e7800000, 0x00000000f1700000)
  object space 315392K, 89% used [0x00000000d4400000,0x00000000e566b6f0,0x00000000e7800000)
 Metaspace       used 63897K, capacity 66098K, committed 66264K, reserved 1107968K
  class space    used 8194K, capacity 8609K, committed 8704K, reserved 1048576K
Event: 127.750 GC heap after
Heap after GC invocations=59 (full 8):
 PSYoungGen      total 215552K, used 5325K [0x00000000f1700000, 0x00000000fff80000, 0x0000000100000000)
  eden space 193024K, 0% used [0x00000000f1700000,0x00000000f1700000,0x00000000fd380000)
  from space 22528K, 23% used [0x00000000fd380000,0x00000000fd8b35d0,0x00000000fe980000)
  to   space 22528K, 0% used [0x00000000fe980000,0x00000000fe980000,0x00000000fff80000)
 ParOldGen       total 315392K, used 288017K [0x00000000d4400000, 0x00000000e7800000, 0x00000000f1700000)
  object space 315392K, 91% used [0x00000000d4400000,0x00000000e5d44638,0x00000000e7800000)
 Metaspace       used 63897K, capacity 66098K, committed 66264K, reserved 1107968K
  class space    used 8194K, capacity 8609K, committed 8704K, reserved 1048576K
}
Event: 127.853 GC heap before
{Heap before GC invocations=60 (full 8):
 PSYoungGen      total 215552K, used 198349K [0x00000000f1700000, 0x00000000fff80000, 0x0000000100000000)
  eden space 193024K, 100% used [0x00000000f1700000,0x00000000fd380000,0x00000000fd380000)
  from space 22528K, 23% used [0x00000000fd380000,0x00000000fd8b35d0,0x00000000fe980000)
  to   space 22528K, 0% used [0x00000000fe980000,0x00000000fe980000,0x00000000fff80000)
 ParOldGen       total 315392K, used 288017K [0x00000000d4400000, 0x00000000e7800000, 0x00000000f1700000)
  object space 315392K, 91% used [0x00000000d4400000,0x00000000e5d44638,0x00000000e7800000)
 Metaspace       used 63897K, capacity 66098K, committed 66264K, reserved 1107968K
  class space    used 8194K, capacity 8609K, committed 8704K, reserved 1048576K
Event: 127.897 GC heap after
Heap after GC invocations=60 (full 8):
 PSYoungGen      total 215040K, used 3472K [0x00000000f1700000, 0x0000000100000000, 0x0000000100000000)
  eden space 192512K, 0% used [0x00000000f1700000,0x00000000f1700000,0x00000000fd300000)
  from space 22528K, 15% used [0x00000000fe980000,0x00000000fece4130,0x00000000fff80000)
  to   space 23040K, 0% used [0x00000000fd300000,0x00000000fd300000,0x00000000fe980000)
 ParOldGen       total 315392K, used 292526K [0x00000000d4400000, 0x00000000e7800000, 0x00000000f1700000)
  object space 315392K, 92% used [0x00000000d4400000,0x00000000e61abb38,0x00000000e7800000)
 Metaspace       used 63897K, capacity 66098K, committed 66264K, reserved 1107968K
  class space    used 8194K, capacity 8609K, committed 8704K, reserved 1048576K
}
Event: 128.001 GC heap before
{Heap before GC invocations=61 (full 8):
 PSYoungGen      total 215040K, used 195803K [0x00000000f1700000, 0x0000000100000000, 0x0000000100000000)
  eden space 192512K, 99% used [0x00000000f1700000,0x00000000fd2d2e40,0x00000000fd300000)
  from space 22528K, 15% used [0x00000000fe980000,0x00000000fece4130,0x00000000fff80000)
  to   space 23040K, 0% used [0x00000000fd300000,0x00000000fd300000,0x00000000fe980000)
 ParOldGen       total 315392K, used 292526K [0x00000000d4400000, 0x00000000e7800000, 0x00000000f1700000)
  object space 315392K, 92% used [0x00000000d4400000,0x00000000e61abb38,0x00000000e7800000)
 Metaspace       used 63897K, capacity 66098K, committed 66264K, reserved 1107968K
  class space    used 8194K, capacity 8609K, committed 8704K, reserved 1048576K
Event: 128.019 GC heap after
Heap after GC invocations=61 (full 8):
 PSYoungGen      total 215552K, used 4739K [0x00000000f1700000, 0x00000000fff80000, 0x0000000100000000)
  eden space 192512K, 0% used [0x00000000f1700000,0x00000000f1700000,0x00000000fd300000)
  from space 23040K, 20% used [0x00000000fd300000,0x00000000fd7a0d50,0x00000000fe980000)
  to   space 22528K, 0% used [0x00000000fe980000,0x00000000fe980000,0x00000000fff80000)
 ParOldGen       total 315392K, used 295569K [0x00000000d4400000, 0x00000000e7800000, 0x00000000f1700000)
  object space 315392K, 93% used [0x00000000d4400000,0x00000000e64a46b0,0x00000000e7800000)
 Metaspace       used 63897K, capacity 66098K, committed 66264K, reserved 1107968K
  class space    used 8194K, capacity 8609K, committed 8704K, reserved 1048576K
}
Event: 128.019 GC heap before
{Heap before GC invocations=62 (full 9):
 PSYoungGen      total 215552K, used 4739K [0x00000000f1700000, 0x00000000fff80000, 0x0000000100000000)
  eden space 192512K, 0% used [0x00000000f1700000,0x00000000f1700000,0x00000000fd300000)
  from space 23040K, 20% used [0x00000000fd300000,0x00000000fd7a0d50,0x00000000fe980000)
  to   space 22528K, 0% used [0x00000000fe980000,0x00000000fe980000,0x00000000fff80000)
 ParOldGen       total 315392K, used 295569K [0x00000000d4400000, 0x00000000e7800000, 0x00000000f1700000)
  object space 315392K, 93% used [0x00000000d4400000,0x00000000e64a46b0,0x00000000e7800000)
 Metaspace       used 63897K, capacity 66098K, committed 66264K, reserved 1107968K
  class space    used 8194K, capacity 8609K, committed 8704K, reserved 1048576K

