# JRE version: OpenJDK Runtime Environment (8.0_242-b08) (build 1.8.0_242-8u242-b08-1~deb9u1-b08)
# Java VM: OpenJDK 64-Bit Server VM (25.242-b08 mixed mode linux-amd64 compressed oops)
Heap:
 PSYoungGen      total 220160K, used 0K [0x00000000f1700000, 0x0000000100000000, 0x0000000100000000)
  eden space 202752K, 0% used [0x00000000f1700000,0x00000000f1700000,0x00000000fdd00000)
  from space 17408K, 0% used [0x00000000fef00000,0x00000000fef00000,0x0000000100000000)
  to   space 17920K, 0% used [0x00000000fdd00000,0x00000000fdd00000,0x00000000fee80000)
 ParOldGen       total 229376K, used 226377K [0x00000000d4400000, 0x00000000e2400000, 0x00000000f1700000)
  object space 229376K, 98% used [0x00000000d4400000,0x00000000e2112478,0x00000000e2400000)
 Metaspace       used 63934K, capacity 66098K, committed 66264K, reserved 1107968K
  class space    used 8189K, capacity 8609K, committed 8704K, reserved 1048576K
GC Heap History (10 events):
Event: 119.087 GC heap after
Heap after GC invocations=47 (full 7):
 PSYoungGen      total 222720K, used 1579K [0x00000000f1700000, 0x0000000100000000, 0x0000000100000000)
  eden space 210944K, 0% used [0x00000000f1700000,0x00000000f1700000,0x00000000fe500000)
  from space 11776K, 13% used [0x00000000ff480000,0x00000000ff60ad10,0x0000000100000000)
  to   space 13824K, 0% used [0x00000000fe500000,0x00000000fe500000,0x00000000ff280000)
 ParOldGen       total 229376K, used 173959K [0x00000000d4400000, 0x00000000e2400000, 0x00000000f1700000)
  object space 229376K, 75% used [0x00000000d4400000,0x00000000dede1c10,0x00000000e2400000)
 Metaspace       used 63934K, capacity 66098K, committed 66264K, reserved 1107968K
  class space    used 8189K, capacity 8609K, committed 8704K, reserved 1048576K
}
Event: 119.193 GC heap before
{Heap before GC invocations=48 (full 7):
 PSYoungGen      total 222720K, used 212336K [0x00000000f1700000, 0x0000000100000000, 0x0000000100000000)
  eden space 210944K, 99% used [0x00000000f1700000,0x00000000fe4d14e0,0x00000000fe500000)
  from space 11776K, 13% used [0x00000000ff480000,0x00000000ff60ad10,0x0000000100000000)
  to   space 13824K, 0% used [0x00000000fe500000,0x00000000fe500000,0x00000000ff280000)
 ParOldGen       total 229376K, used 173959K [0x00000000d4400000, 0x00000000e2400000, 0x00000000f1700000)
  object space 229376K, 75% used [0x00000000d4400000,0x00000000dede1c10,0x00000000e2400000)
 Metaspace       used 63934K, capacity 66098K, committed 66264K, reserved 1107968K
  class space    used 8189K, capacity 8609K, committed 8704K, reserved 1048576K
Event: 119.217 GC heap after
Heap after GC invocations=48 (full 7):
 PSYoungGen      total 224768K, used 13624K [0x00000000f1700000, 0x0000000100000000, 0x0000000100000000)
  eden space 210944K, 0% used [0x00000000f1700000,0x00000000f1700000,0x00000000fe500000)
  from space 13824K, 98% used [0x00000000fe500000,0x00000000ff24e318,0x00000000ff280000)
  to   space 13824K, 0% used [0x00000000ff280000,0x00000000ff280000,0x0000000100000000)
 ParOldGen       total 229376K, used 176526K [0x00000000d4400000, 0x00000000e2400000, 0x00000000f1700000)
  object space 229376K, 76% used [0x00000000d4400000,0x00000000df063880,0x00000000e2400000)
 Metaspace       used 63934K, capacity 66098K, committed 66264K, reserved 1107968K
  class space    used 8189K, capacity 8609K, committed 8704K, reserved 1048576K
}
Event: 119.332 GC heap before
{Heap before GC invocations=49 (full 7):
 PSYoungGen      total 224768K, used 224402K [0x00000000f1700000, 0x0000000100000000, 0x0000000100000000)
  eden space 210944K, 99% used [0x00000000f1700000,0x00000000fe4d66f0,0x00000000fe500000)
  from space 13824K, 98% used [0x00000000fe500000,0x00000000ff24e318,0x00000000ff280000)
  to   space 13824K, 0% used [0x00000000ff280000,0x00000000ff280000,0x0000000100000000)
 ParOldGen       total 229376K, used 176526K [0x00000000d4400000, 0x00000000e2400000, 0x00000000f1700000)
  object space 229376K, 76% used [0x00000000d4400000,0x00000000df063880,0x00000000e2400000)
 Metaspace       used 63934K, capacity 66098K, committed 66264K, reserved 1107968K
  class space    used 8189K, capacity 8609K, committed 8704K, reserved 1048576K
Event: 119.362 GC heap after
Heap after GC invocations=49 (full 7):
 PSYoungGen      total 220672K, used 11976K [0x00000000f1700000, 0x0000000100000000, 0x0000000100000000)
  eden space 206848K, 0% used [0x00000000f1700000,0x00000000f1700000,0x00000000fe100000)
  from space 13824K, 86% used [0x00000000ff280000,0x00000000ffe32150,0x0000000100000000)
  to   space 15872K, 0% used [0x00000000fe100000,0x00000000fe100000,0x00000000ff080000)
 ParOldGen       total 229376K, used 189467K [0x00000000d4400000, 0x00000000e2400000, 0x00000000f1700000)
  object space 229376K, 82% used [0x00000000d4400000,0x00000000dfd06d18,0x00000000e2400000)
 Metaspace       used 63934K, capacity 66098K, committed 66264K, reserved 1107968K
  class space    used 8189K, capacity 8609K, committed 8704K, reserved 1048576K
}
Event: 119.482 GC heap before
{Heap before GC invocations=50 (full 7):
 PSYoungGen      total 220672K, used 218792K [0x00000000f1700000, 0x0000000100000000, 0x0000000100000000)
  eden space 206848K, 99% used [0x00000000f1700000,0x00000000fe0f8040,0x00000000fe100000)
  from space 13824K, 86% used [0x00000000ff280000,0x00000000ffe32150,0x0000000100000000)
  to   space 15872K, 0% used [0x00000000fe100000,0x00000000fe100000,0x00000000ff080000)
 ParOldGen       total 229376K, used 189467K [0x00000000d4400000, 0x00000000e2400000, 0x00000000f1700000)
  object space 229376K, 82% used [0x00000000d4400000,0x00000000dfd06d18,0x00000000e2400000)
 Metaspace       used 63934K, capacity 66098K, committed 66264K, reserved 1107968K
  class space    used 8189K, capacity 8609K, committed 8704K, reserved 1048576K
Event: 119.533 GC heap after
Heap after GC invocations=50 (full 7):
 PSYoungGen      total 220672K, used 13540K [0x00000000f1700000, 0x0000000100000000, 0x0000000100000000)
  eden space 206848K, 0% used [0x00000000f1700000,0x00000000f1700000,0x00000000fe100000)
  from space 13824K, 97% used [0x00000000fe100000,0x00000000fee39038,0x00000000fee80000)
  to   space 17408K, 0% used [0x00000000fef00000,0x00000000fef00000,0x0000000100000000)
 ParOldGen       total 229376K, used 201015K [0x00000000d4400000, 0x00000000e2400000, 0x00000000f1700000)
  object space 229376K, 87% used [0x00000000d4400000,0x00000000e084de88,0x00000000e2400000)
 Metaspace       used 63934K, capacity 66098K, committed 66264K, reserved 1107968K
  class space    used 8189K, capacity 8609K, committed 8704K, reserved 1048576K
}
Event: 119.735 GC heap before
{Heap before GC invocations=51 (full 7):
 PSYoungGen      total 220672K, used 220314K [0x00000000f1700000, 0x0000000100000000, 0x0000000100000000)
  eden space 206848K, 99% used [0x00000000f1700000,0x00000000fe0ed908,0x00000000fe100000)
  from space 13824K, 97% used [0x00000000fe100000,0x00000000fee39038,0x00000000fee80000)
  to   space 17408K, 0% used [0x00000000fef00000,0x00000000fef00000,0x0000000100000000)
 ParOldGen       total 229376K, used 201015K [0x00000000d4400000, 0x00000000e2400000, 0x00000000f1700000)
  object space 229376K, 87% used [0x00000000d4400000,0x00000000e084de88,0x00000000e2400000)
 Metaspace       used 63934K, capacity 66098K, committed 66264K, reserved 1107968K
  class space    used 8189K, capacity 8609K, committed 8704K, reserved 1048576K
Event: 119.798 GC heap after
Heap after GC invocations=51 (full 7):
 PSYoungGen      total 220160K, used 13395K [0x00000000f1700000, 0x0000000100000000, 0x0000000100000000)
  eden space 202752K, 0% used [0x00000000f1700000,0x00000000f1700000,0x00000000fdd00000)
  from space 17408K, 76% used [0x00000000fef00000,0x00000000ffc14e88,0x0000000100000000)
  to   space 17920K, 0% used [0x00000000fdd00000,0x00000000fdd00000,0x00000000fee80000)
 ParOldGen       total 229376K, used 213783K [0x00000000d4400000, 0x00000000e2400000, 0x00000000f1700000)
  object space 229376K, 93% used [0x00000000d4400000,0x00000000e14c5f70,0x00000000e2400000)
 Metaspace       used 63934K, capacity 66098K, committed 66264K, reserved 1107968K
  class space    used 8189K, capacity 8609K, committed 8704K, reserved 1048576K
}
Event: 119.798 GC heap before
{Heap before GC invocations=52 (full 8):
 PSYoungGen      total 220160K, used 13395K [0x00000000f1700000, 0x0000000100000000, 0x0000000100000000)
  eden space 202752K, 0% used [0x00000000f1700000,0x00000000f1700000,0x00000000fdd00000)
  from space 17408K, 76% used [0x00000000fef00000,0x00000000ffc14e88,0x0000000100000000)
  to   space 17920K, 0% used [0x00000000fdd00000,0x00000000fdd00000,0x00000000fee80000)
 ParOldGen       total 229376K, used 213783K [0x00000000d4400000, 0x00000000e2400000, 0x00000000f1700000)
  object space 229376K, 93% used [0x00000000d4400000,0x00000000e14c5f70,0x00000000e2400000)
 Metaspace       used 63934K, capacity 66098K, committed 66264K, reserved 1107968K
  class space    used 8189K, capacity 8609K, committed 8704K, reserved 1048576K

