# JRE version: OpenJDK Runtime Environment (8.0_242-b08) (build 1.8.0_242-8u242-b08-1~deb9u1-b08)
# Java VM: OpenJDK 64-Bit Server VM (25.242-b08 mixed mode linux-amd64 compressed oops)
Heap:
 PSYoungGen      total 218112K, used 0K [0x00000000f1700000, 0x00000000ffd00000, 0x0000000100000000)
  eden space 202752K, 0% used [0x00000000f1700000,0x00000000f1700000,0x00000000fdd00000)
  from space 15360K, 0% used [0x00000000fee00000,0x00000000fee00000,0x00000000ffd00000)
  to   space 16384K, 0% used [0x00000000fdd00000,0x00000000fdd00000,0x00000000fed00000)
 ParOldGen       total 96768K, used 91584K [0x00000000d4400000, 0x00000000da280000, 0x00000000f1700000)
  object space 96768K, 94% used [0x00000000d4400000,0x00000000d9d70320,0x00000000da280000)
 Metaspace       used 63914K, capacity 66090K, committed 66264K, reserved 1107968K
  class space    used 8191K, capacity 8609K, committed 8704K, reserved 1048576K
GC Heap History (10 events):
Event: 128.853 GC heap after
Heap after GC invocations=28 (full 4):
 PSYoungGen      total 215040K, used 5406K [0x00000000f1700000, 0x00000000ffd00000, 0x0000000100000000)
  eden space 196608K, 0% used [0x00000000f1700000,0x00000000f1700000,0x00000000fd700000)
  from space 18432K, 29% used [0x00000000feb00000,0x00000000ff047930,0x00000000ffd00000)
  to   space 19456K, 0% used [0x00000000fd700000,0x00000000fd700000,0x00000000fea00000)
 ParOldGen       total 96768K, used 68298K [0x00000000d4400000, 0x00000000da280000, 0x00000000f1700000)
  object space 96768K, 70% used [0x00000000d4400000,0x00000000d86b2a30,0x00000000da280000)
 Metaspace       used 63913K, capacity 66090K, committed 66264K, reserved 1107968K
  class space    used 8191K, capacity 8609K, committed 8704K, reserved 1048576K
}
Event: 129.444 GC heap before
{Heap before GC invocations=29 (full 4):
 PSYoungGen      total 215040K, used 201958K [0x00000000f1700000, 0x00000000ffd00000, 0x0000000100000000)
  eden space 196608K, 99% used [0x00000000f1700000,0x00000000fd6f2270,0x00000000fd700000)
  from space 18432K, 29% used [0x00000000feb00000,0x00000000ff047930,0x00000000ffd00000)
  to   space 19456K, 0% used [0x00000000fd700000,0x00000000fd700000,0x00000000fea00000)
 ParOldGen       total 96768K, used 68298K [0x00000000d4400000, 0x00000000da280000, 0x00000000f1700000)
  object space 96768K, 70% used [0x00000000d4400000,0x00000000d86b2a30,0x00000000da280000)
 Metaspace       used 63913K, capacity 66090K, committed 66264K, reserved 1107968K
  class space    used 8191K, capacity 8609K, committed 8704K, reserved 1048576K
Event: 129.593 GC heap after
Heap after GC invocations=29 (full 4):
 PSYoungGen      total 216064K, used 5368K [0x00000000f1700000, 0x0000000100000000, 0x0000000100000000)
  eden space 196608K, 0% used [0x00000000f1700000,0x00000000f1700000,0x00000000fd700000)
  from space 19456K, 27% used [0x00000000fd700000,0x00000000fdc3e0e0,0x00000000fea00000)
  to   space 18944K, 0% used [0x00000000fed80000,0x00000000fed80000,0x0000000100000000)
 ParOldGen       total 96768K, used 73256K [0x00000000d4400000, 0x00000000da280000, 0x00000000f1700000)
  object space 96768K, 75% used [0x00000000d4400000,0x00000000d8b8a2d0,0x00000000da280000)
 Metaspace       used 63913K, capacity 66090K, committed 66264K, reserved 1107968K
  class space    used 8191K, capacity 8609K, committed 8704K, reserved 1048576K
}
Event: 129.841 GC heap before
{Heap before GC invocations=30 (full 4):
 PSYoungGen      total 216064K, used 201884K [0x00000000f1700000, 0x0000000100000000, 0x0000000100000000)
  eden space 196608K, 99% used [0x00000000f1700000,0x00000000fd6e91d8,0x00000000fd700000)
  from space 19456K, 27% used [0x00000000fd700000,0x00000000fdc3e0e0,0x00000000fea00000)
  to   space 18944K, 0% used [0x00000000fed80000,0x00000000fed80000,0x0000000100000000)
 ParOldGen       total 96768K, used 73256K [0x00000000d4400000, 0x00000000da280000, 0x00000000f1700000)
  object space 96768K, 75% used [0x00000000d4400000,0x00000000d8b8a2d0,0x00000000da280000)
 Metaspace       used 63914K, capacity 66090K, committed 66264K, reserved 1107968K
  class space    used 8191K, capacity 8609K, committed 8704K, reserved 1048576K
Event: 129.894 GC heap after
Heap after GC invocations=30 (full 4):
 PSYoungGen      total 217600K, used 4902K [0x00000000f1700000, 0x00000000ffe80000, 0x0000000100000000)
  eden space 200192K, 0% used [0x00000000f1700000,0x00000000f1700000,0x00000000fda80000)
  from space 17408K, 28% used [0x00000000fed80000,0x00000000ff249848,0x00000000ffe80000)
  to   space 18432K, 0% used [0x00000000fda80000,0x00000000fda80000,0x00000000fec80000)
 ParOldGen       total 96768K, used 78185K [0x00000000d4400000, 0x00000000da280000, 0x00000000f1700000)
  object space 96768K, 80% used [0x00000000d4400000,0x00000000d905a4f0,0x00000000da280000)
 Metaspace       used 63914K, capacity 66090K, committed 66264K, reserved 1107968K
  class space    used 8191K, capacity 8609K, committed 8704K, reserved 1048576K
}
Event: 130.232 GC heap before
{Heap before GC invocations=31 (full 4):
 PSYoungGen      total 217600K, used 204947K [0x00000000f1700000, 0x00000000ffe80000, 0x0000000100000000)
  eden space 200192K, 99% used [0x00000000f1700000,0x00000000fda5b408,0x00000000fda80000)
  from space 17408K, 28% used [0x00000000fed80000,0x00000000ff249848,0x00000000ffe80000)
  to   space 18432K, 0% used [0x00000000fda80000,0x00000000fda80000,0x00000000fec80000)
 ParOldGen       total 96768K, used 78185K [0x00000000d4400000, 0x00000000da280000, 0x00000000f1700000)
  object space 96768K, 80% used [0x00000000d4400000,0x00000000d905a4f0,0x00000000da280000)
 Metaspace       used 63914K, capacity 66090K, committed 66264K, reserved 1107968K
  class space    used 8191K, capacity 8609K, committed 8704K, reserved 1048576K
Event: 130.610 GC heap after
Heap after GC invocations=31 (full 4):
 PSYoungGen      total 218624K, used 5804K [0x00000000f1700000, 0x00000000fff00000, 0x0000000100000000)
  eden space 200192K, 0% used [0x00000000f1700000,0x00000000f1700000,0x00000000fda80000)
  from space 18432K, 31% used [0x00000000fda80000,0x00000000fe02b120,0x00000000fec80000)
  to   space 17408K, 0% used [0x00000000fee00000,0x00000000fee00000,0x00000000fff00000)
 ParOldGen       total 96768K, used 82657K [0x00000000d4400000, 0x00000000da280000, 0x00000000f1700000)
  object space 96768K, 85% used [0x00000000d4400000,0x00000000d94b8748,0x00000000da280000)
 Metaspace       used 63914K, capacity 66090K, committed 66264K, reserved 1107968K
  class space    used 8191K, capacity 8609K, committed 8704K, reserved 1048576K
}
Event: 132.228 GC heap before
{Heap before GC invocations=32 (full 4):
 PSYoungGen      total 218624K, used 205992K [0x00000000f1700000, 0x00000000fff00000, 0x0000000100000000)
  eden space 200192K, 99% used [0x00000000f1700000,0x00000000fda7f000,0x00000000fda80000)
  from space 18432K, 31% used [0x00000000fda80000,0x00000000fe02b120,0x00000000fec80000)
  to   space 17408K, 0% used [0x00000000fee00000,0x00000000fee00000,0x00000000fff00000)
 ParOldGen       total 96768K, used 82657K [0x00000000d4400000, 0x00000000da280000, 0x00000000f1700000)
  object space 96768K, 85% used [0x00000000d4400000,0x00000000d94b8748,0x00000000da280000)
 Metaspace       used 63914K, capacity 66090K, committed 66264K, reserved 1107968K
  class space    used 8191K, capacity 8609K, committed 8704K, reserved 1048576K
Event: 134.663 GC heap after
Heap after GC invocations=32 (full 4):
 PSYoungGen      total 218112K, used 6517K [0x00000000f1700000, 0x00000000ffd00000, 0x0000000100000000)
  eden space 202752K, 0% used [0x00000000f1700000,0x00000000f1700000,0x00000000fdd00000)
  from space 15360K, 42% used [0x00000000fee00000,0x00000000ff45d590,0x00000000ffd00000)
  to   space 16384K, 0% used [0x00000000fdd00000,0x00000000fdd00000,0x00000000fed00000)
 ParOldGen       total 96768K, used 88189K [0x00000000d4400000, 0x00000000da280000, 0x00000000f1700000)
  object space 96768K, 91% used [0x00000000d4400000,0x00000000d9a1f4e0,0x00000000da280000)
 Metaspace       used 63914K, capacity 66090K, committed 66264K, reserved 1107968K
  class space    used 8191K, capacity 8609K, committed 8704K, reserved 1048576K
}
Event: 135.292 GC heap before
{Heap before GC invocations=33 (full 5):
 PSYoungGen      total 218112K, used 6517K [0x00000000f1700000, 0x00000000ffd00000, 0x0000000100000000)
  eden space 202752K, 0% used [0x00000000f1700000,0x00000000f1700000,0x00000000fdd00000)
  from space 15360K, 42% used [0x00000000fee00000,0x00000000ff45d590,0x00000000ffd00000)
  to   space 16384K, 0% used [0x00000000fdd00000,0x00000000fdd00000,0x00000000fed00000)
 ParOldGen       total 96768K, used 88189K [0x00000000d4400000, 0x00000000da280000, 0x00000000f1700000)
  object space 96768K, 91% used [0x00000000d4400000,0x00000000d9a1f4e0,0x00000000da280000)
 Metaspace       used 63914K, capacity 66090K, committed 66264K, reserved 1107968K
  class space    used 8191K, capacity 8609K, committed 8704K, reserved 1048576K

